<testsuite errors="0" failures="0" hostname="dd8f08475369" name="Contract Tests" skipped="0" tests="3" time="3.401" timestamp="2026-07-06T08:12:14">
<properties>
[...]
</properties>
<testcase classname="io.specmatic.test.SpecmaticJUnitSupport" name="Contract Tests &gt; SpecmaticJUnitSupport &gt; contractTest() &gt; Scenario: POST /analyze -&gt; 200 with the request from the example 'analyze_POST_200_1'" time="0.212">
<system-out><![CDATA[
unique-id: [engine:junit-jupiter]/[class:io.specmatic.test.SpecmaticJUnitSupport]/[test-factory:contractTest()]/[dynamic-test:#1]
display-name: Contract Tests > SpecmaticJUnitSupport > contractTest() > Scenario: POST /analyze -> 200 with the request from the example 'analyze_POST_200_1'
]]></system-out>
</testcase>
<testcase classname="io.specmatic.test.SpecmaticJUnitSupport" name="Contract Tests &gt; SpecmaticJUnitSupport &gt; contractTest() &gt; Scenario: POST /analyze -&gt; 404 with the request from the example 'analyze_POST_404_1'" time="0.016">
<system-out><![CDATA[
unique-id: [engine:junit-jupiter]/[class:io.specmatic.test.SpecmaticJUnitSupport]/[test-factory:contractTest()]/[dynamic-test:#2]
display-name: Contract Tests > SpecmaticJUnitSupport > contractTest() > Scenario: POST /analyze -> 404 with the request from the example 'analyze_POST_404_1'
]]></system-out>
</testcase>
<testcase classname="io.specmatic.test.SpecmaticJUnitSupport" name="Contract Tests &gt; SpecmaticJUnitSupport &gt; contractTest() &gt; Scenario: POST /analyze -&gt; 400 with the request from the example 'analyze_POST_400_1'" time="0.023">
<system-out><![CDATA[
unique-id: [engine:junit-jupiter]/[class:io.specmatic.test.SpecmaticJUnitSupport]/[test-factory:contractTest()]/[dynamic-test:#3]
display-name: Contract Tests > SpecmaticJUnitSupport > contractTest() > Scenario: POST /analyze -> 400 with the request from the example 'analyze_POST_400_1'
]]></system-out>
</testcase>
<system-out><![CDATA[
unique-id: [engine:junit-jupiter]
display-name: Contract Tests
]]></system-out>
</testsuite>